2026-05-04 23:33:39 | INFO | ModelTester ready on cpu
2026-05-04 23:33:39 | INFO | Running test suite — 21 samples...
2026-05-04 23:33:43 | INFO | 
=======================================================
TEST RESULTS
=======================================================
2026-05-04 23:33:43 | INFO | Samples   : 21
2026-05-04 23:33:43 | INFO | Accuracy  : 0.5714
2026-05-04 23:33:43 | INFO | F1 Score  : 0.5397
2026-05-04 23:33:43 | INFO | 
              precision    recall  f1-score   support

       anger       0.00      0.00      0.00         4
     disgust       0.33      0.50      0.40         2
        fear       0.67      0.67      0.67         3
       guilt       0.33      0.50      0.40         2
         joy       0.50      0.75      0.60         4
     sadness       1.00      1.00      1.00         4
       shame       1.00      0.50      0.67         2

    accuracy                           0.57        21
   macro avg       0.55      0.56      0.53        21
weighted avg       0.54      0.57      0.54        21

